<?xml version="1.0" encoding="UTF-8"?>
<testsuite name="com.utility.bdd.RunCukesTest" time="7.656" tests="52" errors="2" skipped="2" failures="0">
  <properties>
[...]
</properties>
  <testcase name="Given Customer is on Home Page" classname="Scenario: check that registration function will create account successfully" time="0.001"/>
  <testcase name="And he Press on Create Account Page" classname="Scenario: check that registration function will create account successfully" time="0"/>
  <testcase name="Then Create AccountPage has been opened" classname="Scenario: check that registration function will create account successfully" time="0"/>
  <testcase name="When he is Enter FirstName and LastName and  E-mail Address an Password and Confirmation Password" classname="Scenario: check that registration function will create account successfully" time="0"/>
  <testcase name="And Press on Submit button" classname="Scenario: check that registration function will create account successfully" time="0"/>
  <testcase name="Then System will register account successfully" classname="Scenario: check that registration function will create account successfully" time="0"/>
  <testcase name="And Welcome Message will be displayed" classname="Scenario: check that registration function will create account successfully" time="0"/>
  <testcase name="Scenario: check that registration function will create account successfully" classname="Scenario: check that registration function will create account successfully" time="2.142"/>
  <testcase name="Given Customer is on Home Page" classname="Scenario: check that first name is mandatory" time="0"/>
  <testcase name="Given Customer is on Home Page" classname="Scenario: check that first name is mandatory" time="0.001"/>
  <testcase name="And he Press on Create Account Page" classname="Scenario: check that first name is mandatory" time="0.001"/>
  <testcase name="And he Press on Create Account Page" classname="Scenario: check that first name is mandatory" time="0"/>
  <testcase name="Then Create AccountPage has been opened" classname="Scenario: check that first name is mandatory" time="0"/>
  <testcase name="Then Create AccountPage has been opened" classname="Scenario: check that first name is mandatory" time="0.001"/>
  <testcase name="When he leaved first name field empty" classname="Scenario: check that first name is mandatory" time="0"/>
  <testcase name="And filled all other remaining field with vaild credentials" classname="Scenario: check that first name is mandatory" time="0"/>
  <testcase name="And Press on Submit button" classname="Scenario: check that first name is mandatory" time="0"/>
  <testcase name="And Press on Submit button" classname="Scenario: check that first name is mandatory" time="0"/>
  <testcase name="Then System will return error message &quot;This is a required Message&quot;" classname="Scenario: check that first name is mandatory" time="0"/>
  <testcase name="Scenario: check that first name is mandatory" classname="Scenario: check that first name is mandatory" time="1.177"/>
  <testcase name="Scenario: check that first name is mandatory" classname="Scenario: check that first name is mandatory" time="1.009"/>
  <testcase name="When he was leaved last name and email address  field empty" classname="Scenario: check that first name is mandatory" time="0"/>
  <testcase name="And filled all other remaining field" classname="Scenario: check that first name is mandatory" time="0"/>
  <testcase name="Then System will return error message" classname="Scenario: check that first name is mandatory" time="0"/>
  <testcase name="Given Customer is on Home Page" classname="Scenario: check logo weather displayed or not" time="0"/>
  <testcase name="Then Logo will be displayed" classname="Scenario: check logo weather displayed or not" time="0"/>
  <testcase name="Then image into banner equal three" classname="Scenario: check logo weather displayed or not" time="0"/>
  <testcase name="When User Press on the right Arrow on the Slider" classname="Scenario: check logo weather displayed or not" time="0"/>
  <testcase name="Then the Slider will  move to next slide" classname="Scenario: check logo weather displayed or not" time="0"/>
  <testcase name="When User Press on the left arrow on the slider" classname="Scenario: check logo weather displayed or not" time="0"/>
  <testcase name="Then the Slider will  move back to Previous slide" classname="Scenario: check logo weather displayed or not" time="0"/>
  <testcase name="Scenario: check logo weather displayed or not" classname="Scenario: check logo weather displayed or not" time="1.415"/>
  <testcase name="Given Customer is on Home Page" classname="Scenario: test Add To Cart" time="0"/>
  <testcase name="And the User Scroll down" classname="Scenario: test Add To Cart" time="0"/>
  <testcase name="Then he will see Featured Products" classname="Scenario: test Add To Cart" time="0"/>
  <testcase name="When he Press Add To Cart" classname="Scenario: test Add To Cart" time="0"/>
  <testcase name="Then product shop will be displayed" classname="Scenario: test Add To Cart" time="0"/>
  <testcase name="And the Price will be displayed" classname="Scenario: test Add To Cart" time="0"/>
  <testcase name="And Product Image will be displayed" classname="Scenario: test Add To Cart" time="0"/>
  <testcase name="Scenario: test Add To Cart" classname="Scenario: test Add To Cart" time="1.679"/>
  <testcase name="Given Customer is on Home Page" classname="| mohamed_sabry007@yahoo.com | 123@sta.com |" time="0"/>
  <testcase name="And Customer Press SignIn Link" classname="| mohamed_sabry007@yahoo.com | 123@sta.com |" time="0"/>
  <testcase name="And Customer enters &quot;mohamed_sabry007@yahoo.com&quot; and &quot;123@sta.com&quot;" classname="| mohamed_sabry007@yahoo.com | 123@sta.com |" time="0"/>
  <testcase name="Then Press SignIn" classname="| mohamed_sabry007@yahoo.com | 123@sta.com |" time="0"/>
  <testcase name="Then WelcomeMessage displayed Login Successfully" classname="| mohamed_sabry007@yahoo.com | 123@sta.com |" time="0"/>
  <testcase name="| mohamed_sabry007@yahoo.com | 123@sta.com |" classname="| mohamed_sabry007@yahoo.com | 123@sta.com |" time="1.172"/>
  <testcase name="Given Customer is on Home Page" classname="| mohamed_sabry007@yahoo.com | 123@Mta.com |" time="0"/>
  <testcase name="And Customer Press SignIn Link" classname="| mohamed_sabry007@yahoo.com | 123@Mta.com |" time="0"/>
  <testcase name="And Customer enters &quot;mohamed_sabry007@yahoo.com&quot; and &quot;123@Mta.com&quot;" classname="| mohamed_sabry007@yahoo.com | 123@Mta.com |" time="0.033">
    <error message="Expected [object Undefined] undefined to be a string&#10;Build info: version: &apos;3.0.1&apos;, revision: &apos;1969d75&apos;, time: &apos;2016-10-18 09:49:13 -0700&apos;&#10;System info: host: &apos;Egy-MMahran-NB&apos;, ip: &apos;192.168.1.10&apos;, os.name: &apos;Windows 7&apos;, os.arch: &apos;amd64&apos;, os.version: &apos;6.1&apos;, java.version: &apos;1.8.0_72&apos;&#10;Driver info: org.openqa.selenium.firefox.FirefoxDriver&#10;Capabilities [{moz:profile=C:\Users\MMahran\AppData\Local\Temp\rust_mozprofile.wivKxHIxnPLt, rotatable=false, timeouts={implicit=0, pageLoad=300000, script=30000}, pageLoadStrategy=normal, platform=ANY, specificationLevel=0, moz:accessibilityChecks=false, acceptInsecureCerts=false, browserVersion=53.0, platformVersion=6.1, moz:processID=7684, browserName=firefox, platformName=windows_nt}]&#10;Session ID: 030173a0-a19f-4adc-8785-819c6905a89f" type="org.openqa.selenium.InvalidArgumentException">org.openqa.selenium.InvalidArgumentException: Expected [object Undefined] undefined to be a string
Build info: version: '3.0.1', revision: '1969d75', time: '2016-10-18 09:49:13 -0700'
System info: host: 'Egy-MMahran-NB', ip: '192.168.1.10', os.name: 'Windows 7', os.arch: 'amd64', os.version: '6.1', java.version: '1.8.0_72'
Driver info: org.openqa.selenium.firefox.FirefoxDriver
Capabilities [{moz:profile=C:\Users\MMahran\AppData\Local\Temp\rust_mozprofile.wivKxHIxnPLt, rotatable=false, timeouts={implicit=0, pageLoad=300000, script=30000}, pageLoadStrategy=normal, platform=ANY, specificationLevel=0, moz:accessibilityChecks=false, acceptInsecureCerts=false, browserVersion=53.0, platformVersion=6.1, moz:processID=7684, browserName=firefox, platformName=windows_nt}]
Session ID: 030173a0-a19f-4adc-8785-819c6905a89f
	at sun.reflect.NativeConstructorAccessorImpl.newInstance0(Native Method)
	at sun.reflect.NativeConstructorAccessorImpl.newInstance(NativeConstructorAccessorImpl.java:62)
	at sun.reflect.DelegatingConstructorAccessorImpl.newInstance(DelegatingConstructorAccessorImpl.java:45)
	at java.lang.reflect.Constructor.newInstance(Constructor.java:423)
	at org.openqa.selenium.remote.http.W3CHttpResponseCodec.createException(W3CHttpResponseCodec.java:127)
	at org.openqa.selenium.remote.http.W3CHttpResponseCodec.decode(W3CHttpResponseCodec.java:93)
	at org.openqa.selenium.remote.http.W3CHttpResponseCodec.decode(W3CHttpResponseCodec.java:42)
	at org.openqa.selenium.remote.HttpCommandExecutor.execute(HttpCommandExecutor.java:163)
	at org.openqa.selenium.remote.service.DriverCommandExecutor.execute(DriverCommandExecutor.java:82)
	at org.openqa.selenium.remote.RemoteWebDriver.execute(RemoteWebDriver.java:601)
	at org.openqa.selenium.remote.RemoteWebElement.execute(RemoteWebElement.java:274)
	at org.openqa.selenium.remote.RemoteWebElement.sendKeys(RemoteWebElement.java:98)
	at sun.reflect.GeneratedMethodAccessor9.invoke(Unknown Source)
	at sun.reflect.DelegatingMethodAccessorImpl.invoke(DelegatingMethodAccessorImpl.java:43)
	at java.lang.reflect.Method.invoke(Method.java:498)
	at org.openqa.selenium.support.pagefactory.internal.LocatingElementHandler.invoke(LocatingElementHandler.java:51)
	at com.sun.proxy.$Proxy16.sendKeys(Unknown Source)
	at com.pages.bdd.LoginPage.login(LoginPage.java:48)
	at com.steps.bdd.LoginStep.customer_enters_and(LoginStep.java:34)
	at ✽.And Customer enters "mohamed_sabry007@yahoo.com" and "123@Mta.com"(LoginTestSpec.feature:20)
</error>
    <system-out><![CDATA[
  Background:                      &amp#27;[90m# LoginTestSpec.feature:4&amp#27;[0m
    &amp#27;[32mGiven &amp#27;[0m&amp#27;[32mCustomer is on Home Page&amp#27;[0m &amp#27;[90m# BaseClass.user_is_on_Home_Page()&amp#27;[0m
    &amp#27;[32mAnd &amp#27;[0m&amp#27;[32mCustomer Press SignIn Link&amp#27;[0m &amp#27;[90m# LoginStep.customer_Press_SignIn_Link()&amp#27;[0m
]]></system-out>
    <system-err><![CDATA[JavaScript warning: https://www.compressionwellness.com/js/productupdates/configurable.js, line 221: unreachable code after return statement
]]></system-err>
  </testcase>
  <testcase name="| mohamed_sabry007@yahoo.com | 123@Mta.com |" classname="| mohamed_sabry007@yahoo.com | 123@Mta.com |" time="0.036">
    <error message="Expected [object Undefined] undefined to be a string&#10;Build info: version: &apos;3.0.1&apos;, revision: &apos;1969d75&apos;, time: &apos;2016-10-18 09:49:13 -0700&apos;&#10;System info: host: &apos;Egy-MMahran-NB&apos;, ip: &apos;192.168.1.10&apos;, os.name: &apos;Windows 7&apos;, os.arch: &apos;amd64&apos;, os.version: &apos;6.1&apos;, java.version: &apos;1.8.0_72&apos;&#10;Driver info: org.openqa.selenium.firefox.FirefoxDriver&#10;Capabilities [{moz:profile=C:\Users\MMahran\AppData\Local\Temp\rust_mozprofile.wivKxHIxnPLt, rotatable=false, timeouts={implicit=0, pageLoad=300000, script=30000}, pageLoadStrategy=normal, platform=ANY, specificationLevel=0, moz:accessibilityChecks=false, acceptInsecureCerts=false, browserVersion=53.0, platformVersion=6.1, moz:processID=7684, browserName=firefox, platformName=windows_nt}]&#10;Session ID: 030173a0-a19f-4adc-8785-819c6905a89f" type="org.openqa.selenium.InvalidArgumentException">org.openqa.selenium.InvalidArgumentException: Expected [object Undefined] undefined to be a string
Build info: version: '3.0.1', revision: '1969d75', time: '2016-10-18 09:49:13 -0700'
System info: host: 'Egy-MMahran-NB', ip: '192.168.1.10', os.name: 'Windows 7', os.arch: 'amd64', os.version: '6.1', java.version: '1.8.0_72'
Driver info: org.openqa.selenium.firefox.FirefoxDriver
Capabilities [{moz:profile=C:\Users\MMahran\AppData\Local\Temp\rust_mozprofile.wivKxHIxnPLt, rotatable=false, timeouts={implicit=0, pageLoad=300000, script=30000}, pageLoadStrategy=normal, platform=ANY, specificationLevel=0, moz:accessibilityChecks=false, acceptInsecureCerts=false, browserVersion=53.0, platformVersion=6.1, moz:processID=7684, browserName=firefox, platformName=windows_nt}]
Session ID: 030173a0-a19f-4adc-8785-819c6905a89f
	at sun.reflect.NativeConstructorAccessorImpl.newInstance0(Native Method)
	at sun.reflect.NativeConstructorAccessorImpl.newInstance(NativeConstructorAccessorImpl.java:62)
	at sun.reflect.DelegatingConstructorAccessorImpl.newInstance(DelegatingConstructorAccessorImpl.java:45)
	at java.lang.reflect.Constructor.newInstance(Constructor.java:423)
	at org.openqa.selenium.remote.http.W3CHttpResponseCodec.createException(W3CHttpResponseCodec.java:127)
	at org.openqa.selenium.remote.http.W3CHttpResponseCodec.decode(W3CHttpResponseCodec.java:93)
	at org.openqa.selenium.remote.http.W3CHttpResponseCodec.decode(W3CHttpResponseCodec.java:42)
	at org.openqa.selenium.remote.HttpCommandExecutor.execute(HttpCommandExecutor.java:163)
	at org.openqa.selenium.remote.service.DriverCommandExecutor.execute(DriverCommandExecutor.java:82)
	at org.openqa.selenium.remote.RemoteWebDriver.execute(RemoteWebDriver.java:601)
	at org.openqa.selenium.remote.RemoteWebElement.execute(RemoteWebElement.java:274)
	at org.openqa.selenium.remote.RemoteWebElement.sendKeys(RemoteWebElement.java:98)
	at sun.reflect.GeneratedMethodAccessor9.invoke(Unknown Source)
	at sun.reflect.DelegatingMethodAccessorImpl.invoke(DelegatingMethodAccessorImpl.java:43)
	at java.lang.reflect.Method.invoke(Method.java:498)
	at org.openqa.selenium.support.pagefactory.internal.LocatingElementHandler.invoke(LocatingElementHandler.java:51)
	at com.sun.proxy.$Proxy16.sendKeys(Unknown Source)
	at com.pages.bdd.LoginPage.login(LoginPage.java:48)
	at com.steps.bdd.LoginStep.customer_enters_and(LoginStep.java:34)
	at ✽.And Customer enters "mohamed_sabry007@yahoo.com" and "123@Mta.com"(LoginTestSpec.feature:20)
</error>
  </testcase>
  <testcase name="Then Press SignIn" classname="| mohamed_sabry007@yahoo.com | 123@Mta.com |" time="0">
    <skipped/>
  </testcase>
  <testcase name="Then ErrorMessage has been displayed" classname="| mohamed_sabry007@yahoo.com | 123@Mta.com |" time="0">
    <skipped/>
  </testcase>
</testsuite>